<?xml version="1.0" encoding="UTF-8"?>
<!-- Generated by org.testng.reporters.JUnitReportReporter -->
<testsuite hostname="WKWIN5351341" failures="0" tests="2" name="handsonexercices.BaseTemplate" time="4.018" errors="1" timestamp="2022-06-01T10:29:01 IST" skipped="1">
  <testcase classname="handsonexercices.BaseTemplate" name="testMethod" time="0.000">
    <skipped/>
  </testcase> <!-- testMethod -->
  <system-out/>
  <testcase classname="handsonexercices.BaseTemplate" name="Setup" time="4.018">
    <error message="session not created: This version of MSEdgeDriver only supports MSEdge version 99
Current browser version is 101.0.1210.53 with binary path C:\Program Files (x86)\Microsoft\Edge\Application\msedge.exe
Build info: version: &#039;3.141.59&#039;, revision: &#039;e82be7d358&#039;, time: &#039;2018-11-14T08:17:03&#039;
System info: host: &#039;WKWIN5351341&#039;, ip: &#039;192.168.43.28&#039;, os.name: &#039;Windows 10&#039;, os.arch: &#039;amd64&#039;, os.version: &#039;10.0&#039;, java.version: &#039;17.0.2&#039;
Driver info: driver.version: EdgeDriver
remote stacktrace: Backtrace:
	Microsoft::Applications::Events::EventProperties::unpack [0x00007FF7CD3D1922+25346]
	Microsoft::Applications::Events::time_ticks_t::time_ticks_t [0x00007FF7CD30E982+515794]
	Ordinal0 [0x00007FF7CCE20BC5+658373]
	Ordinal0 [0x00007FF7CCE4B5E0+832992]
	Ordinal0 [0x00007FF7CCE46B7E+813950]
	Ordinal0 [0x00007FF7CCE424EE+795886]
	Ordinal0 [0x00007FF7CCE7C366+1033062]
	Ordinal0 [0x00007FF7CCE76A53+1010259]
	Ordinal0 [0x00007FF7CCE4DB47+842567]
	Ordinal0 [0x00007FF7CCE4F018+847896]
	Microsoft::Applications::Events::EventProperty::to_string [0x00007FF7CCFDF1C8+827304]
	Microsoft::Applications::Events::EventProperty::EventProperty [0x00007FF7CD0C9389+34681]
	Microsoft::Applications::Events::EventProperty::EventProperty [0x00007FF7CD0CC562+47442]
	Microsoft::Applications::Events::EventProperty::to_string [0x00007FF7CCF1C6D6+29878]
	Microsoft::Applications::Events::time_ticks_t::time_ticks_t [0x00007FF7CD315971+544449]
	Microsoft::Applications::Events::time_ticks_t::time_ticks_t [0x00007FF7CD31A974+564932]
	Microsoft::Applications::Events::time_ticks_t::time_ticks_t [0x00007FF7CD31AACD+565277]
	Microsoft::Applications::Events::time_ticks_t::time_ticks_t [0x00007FF7CD3248BE+605710]
	BaseThreadInitThunk [0x00007FFD89F77034+20]
	RtlUserThreadStart [0x00007FFD8ACA2651+33]
" type="org.openqa.selenium.SessionNotCreatedException">
      <![CDATA[org.openqa.selenium.SessionNotCreatedException: session not created: This version of MSEdgeDriver only supports MSEdge version 99
Current browser version is 101.0.1210.53 with binary path C:\Program Files (x86)\Microsoft\Edge\Application\msedge.exe
Build info: version: '3.141.59', revision: 'e82be7d358', time: '2018-11-14T08:17:03'
System info: host: 'WKWIN5351341', ip: '192.168.43.28', os.name: 'Windows 10', os.arch: 'amd64', os.version: '10.0', java.version: '17.0.2'
Driver info: driver.version: EdgeDriver
remote stacktrace: Backtrace:
Microsoft::Applications::Events::EventProperties::unpack [0x00007FF7CD3D1922+25346]
Microsoft::Applications::Events::time_ticks_t::time_ticks_t [0x00007FF7CD30E982+515794]
Ordinal0 [0x00007FF7CCE20BC5+658373]
Ordinal0 [0x00007FF7CCE4B5E0+832992]
Ordinal0 [0x00007FF7CCE46B7E+813950]
Ordinal0 [0x00007FF7CCE424EE+795886]
Ordinal0 [0x00007FF7CCE7C366+1033062]
Ordinal0 [0x00007FF7CCE76A53+1010259]
Ordinal0 [0x00007FF7CCE4DB47+842567]
Ordinal0 [0x00007FF7CCE4F018+847896]
Microsoft::Applications::Events::EventProperty::to_string [0x00007FF7CCFDF1C8+827304]
Microsoft::Applications::Events::EventProperty::EventProperty [0x00007FF7CD0C9389+34681]
Microsoft::Applications::Events::EventProperty::EventProperty [0x00007FF7CD0CC562+47442]
Microsoft::Applications::Events::EventProperty::to_string [0x00007FF7CCF1C6D6+29878]
Microsoft::Applications::Events::time_ticks_t::time_ticks_t [0x00007FF7CD315971+544449]
Microsoft::Applications::Events::time_ticks_t::time_ticks_t [0x00007FF7CD31A974+564932]
Microsoft::Applications::Events::time_ticks_t::time_ticks_t [0x00007FF7CD31AACD+565277]
Microsoft::Applications::Events::time_ticks_t::time_ticks_t [0x00007FF7CD3248BE+605710]
BaseThreadInitThunk [0x00007FFD89F77034+20]
RtlUserThreadStart [0x00007FFD8ACA2651+33]

at java.base/jdk.internal.reflect.NativeConstructorAccessorImpl.newInstance0(Native Method)
at java.base/jdk.internal.reflect.NativeConstructorAccessorImpl.newInstance(NativeConstructorAccessorImpl.java:77)
at java.base/jdk.internal.reflect.DelegatingConstructorAccessorImpl.newInstance(DelegatingConstructorAccessorImpl.java:45)
at java.base/java.lang.reflect.Constructor.newInstanceWithCaller(Constructor.java:499)
at java.base/java.lang.reflect.Constructor.newInstance(Constructor.java:480)
at org.openqa.selenium.remote.W3CHandshakeResponse.lambda$errorHandler$0(W3CHandshakeResponse.java:62)
at org.openqa.selenium.remote.HandshakeResponse.lambda$getResponseFunction$0(HandshakeResponse.java:30)
at org.openqa.selenium.remote.ProtocolHandshake.lambda$createSession$0(ProtocolHandshake.java:126)
at java.base/java.util.stream.ReferencePipeline$3$1.accept(ReferencePipeline.java:197)
at java.base/java.util.Spliterators$ArraySpliterator.tryAdvance(Spliterators.java:1002)
at java.base/java.util.stream.ReferencePipeline.forEachWithCancel(ReferencePipeline.java:129)
at java.base/java.util.stream.AbstractPipeline.copyIntoWithCancel(AbstractPipeline.java:527)
at java.base/java.util.stream.AbstractPipeline.copyInto(AbstractPipeline.java:513)
at java.base/java.util.stream.AbstractPipeline.wrapAndCopyInto(AbstractPipeline.java:499)
at java.base/java.util.stream.FindOps$FindOp.evaluateSequential(FindOps.java:150)
at java.base/java.util.stream.AbstractPipeline.evaluate(AbstractPipeline.java:234)
at java.base/java.util.stream.ReferencePipeline.findFirst(ReferencePipeline.java:647)
at org.openqa.selenium.remote.ProtocolHandshake.createSession(ProtocolHandshake.java:128)
at org.openqa.selenium.remote.ProtocolHandshake.createSession(ProtocolHandshake.java:74)
at org.openqa.selenium.remote.HttpCommandExecutor.execute(HttpCommandExecutor.java:136)
at org.openqa.selenium.remote.service.DriverCommandExecutor.execute(DriverCommandExecutor.java:83)
at org.openqa.selenium.remote.RemoteWebDriver.execute(RemoteWebDriver.java:552)
at org.openqa.selenium.remote.RemoteWebDriver.startSession(RemoteWebDriver.java:213)
at org.openqa.selenium.remote.RemoteWebDriver.<init>(RemoteWebDriver.java:131)
at org.openqa.selenium.edge.EdgeDriver.<init>(EdgeDriver.java:141)
at org.openqa.selenium.edge.EdgeDriver.<init>(EdgeDriver.java:96)
at util.WebDriverManager.launchBrowser(WebDriverManager.java:16)
at handsonexercices.BaseTemplate.Setup(BaseTemplate.java:18)
at java.base/jdk.internal.reflect.NativeMethodAccessorImpl.invoke0(Native Method)
at java.base/jdk.internal.reflect.NativeMethodAccessorImpl.invoke(NativeMethodAccessorImpl.java:77)
at java.base/jdk.internal.reflect.DelegatingMethodAccessorImpl.invoke(DelegatingMethodAccessorImpl.java:43)
at java.base/java.lang.reflect.Method.invoke(Method.java:568)
at org.testng.internal.MethodInvocationHelper.invokeMethod(MethodInvocationHelper.java:133)
at org.testng.internal.MethodInvocationHelper.invokeMethodConsideringTimeout(MethodInvocationHelper.java:62)
at org.testng.internal.ConfigInvoker.invokeConfigurationMethod(ConfigInvoker.java:385)
at org.testng.internal.ConfigInvoker.invokeConfigurations(ConfigInvoker.java:321)
at org.testng.internal.TestMethodWorker.invokeBeforeClassMethods(TestMethodWorker.java:176)
at org.testng.internal.TestMethodWorker.run(TestMethodWorker.java:122)
at java.base/java.util.ArrayList.forEach(ArrayList.java:1511)
at org.testng.TestRunner.privateRun(TestRunner.java:794)
at org.testng.TestRunner.run(TestRunner.java:596)
at org.testng.SuiteRunner.runTest(SuiteRunner.java:377)
at org.testng.SuiteRunner.runSequentially(SuiteRunner.java:371)
at org.testng.SuiteRunner.privateRun(SuiteRunner.java:332)
at org.testng.SuiteRunner.run(SuiteRunner.java:276)
at org.testng.SuiteRunnerWorker.runSuite(SuiteRunnerWorker.java:53)
at org.testng.SuiteRunnerWorker.run(SuiteRunnerWorker.java:96)
at org.testng.TestNG.runSuitesSequentially(TestNG.java:1212)
at org.testng.TestNG.runSuitesLocally(TestNG.java:1134)
at org.testng.TestNG.runSuites(TestNG.java:1063)
at org.testng.TestNG.run(TestNG.java:1031)
at org.testng.remote.AbstractRemoteTestNG.run(AbstractRemoteTestNG.java:115)
at org.testng.remote.RemoteTestNG.initAndRun(RemoteTestNG.java:251)
at org.testng.remote.RemoteTestNG.main(RemoteTestNG.java:77)
]]>
    </error>
  </testcase> <!-- Setup -->
  <system-out/>
</testsuite> <!-- handsonexercices.BaseTemplate -->
